c:\users\pb-win\desktop\advanced_sec\tokenmanipulationutility\sharedfunctionality\debug\sharedfunctionality.pch
c:\users\pb-win\desktop\advanced_sec\tokenmanipulationutility\sharedfunctionality\debug\vc141.pdb
c:\users\pb-win\desktop\advanced_sec\tokenmanipulationutility\sharedfunctionality\debug\vc141.idb
c:\users\pb-win\desktop\advanced_sec\tokenmanipulationutility\sharedfunctionality\debug\stdafx.obj
c:\users\pb-win\desktop\advanced_sec\tokenmanipulationutility\sharedfunctionality\debug\validatebinary.obj
c:\users\pb-win\desktop\advanced_sec\tokenmanipulationutility\sharedfunctionality\debug\tokenlib.obj
c:\users\pb-win\desktop\advanced_sec\tokenmanipulationutility\sharedfunctionality\debug\sharedfunctions.obj
c:\users\pb-win\desktop\advanced_sec\tokenmanipulationutility\sharedfunctionality\debug\networkmanager.obj
c:\users\pb-win\desktop\advanced_sec\tokenmanipulationutility\sharedfunctionality\debug\dllmain.obj
c:\users\pb-win\desktop\advanced_sec\tokenmanipulationutility\sharedfunctionality\debug\sharedfunctionality.dll
c:\users\pb-win\desktop\advanced_sec\tokenmanipulationutility\sharedfunctionality\debug\sharedfunctionality.ilk
c:\users\pb-win\desktop\advanced_sec\tokenmanipulationutility\sharedfunctionality\debug\sharedfunctionality.pdb
c:\users\pb-win\desktop\advanced_sec\tokenmanipulationutility\sharedfunctionality\debug\sharedfunctionality.lib
c:\users\pb-win\desktop\advanced_sec\tokenmanipulationutility\sharedfunctionality\debug\sharedfunctionality.exp
c:\users\pb-win\desktop\advanced_sec\tokenmanipulationutility\sharedfunctionality\debug\sharedfu.c48789d4.tlog\cl.command.1.tlog
c:\users\pb-win\desktop\advanced_sec\tokenmanipulationutility\sharedfunctionality\debug\sharedfu.c48789d4.tlog\cl.read.1.tlog
c:\users\pb-win\desktop\advanced_sec\tokenmanipulationutility\sharedfunctionality\debug\sharedfu.c48789d4.tlog\cl.write.1.tlog
c:\users\pb-win\desktop\advanced_sec\tokenmanipulationutility\sharedfunctionality\debug\sharedfu.c48789d4.tlog\link.command.1.tlog
c:\users\pb-win\desktop\advanced_sec\tokenmanipulationutility\sharedfunctionality\debug\sharedfu.c48789d4.tlog\link.read.1.tlog
c:\users\pb-win\desktop\advanced_sec\tokenmanipulationutility\sharedfunctionality\debug\sharedfu.c48789d4.tlog\link.write.1.tlog
c:\users\pb-win\desktop\advanced_sec\tokenmanipulationutility\sharedfunctionality\debug\sharedfu.c48789d4.tlog\sharedfunctionality.write.1u.tlog
